app/build/outputs/logs/manifest-merger-debug-report.txt
-- Merging decision tree log ---
manifest
ADDED from src/main/AndroidManifest.xml:2:1-485:12
INJECTED from src/main/AndroidManifest.xml:2:1-485:12
INJECTED from src/main/AndroidManifest.xml:2:1-485:12
INJECTED from src/main/AndroidManifest.xml:2:1-485:12
MERGED from [:ipcview] AndroidManifest.xml:2:1-61:12
MERGED from [:linkvisualapi] AndroidManifest.xml:2:1-17:12
MERGED from [androidx.multidex:multidex:2.0.0] AndroidManifest.xml:17:1-22:12
MERGED from [com.yanzhenjie:permission:1.1.0] AndroidManifest.xml:17:1-33:12
MERGED from [com.github.donkingliang:ImageSelector:1.6.0] AndroidManifest.xml:2:1-17:12
MERGED from [com.aliyun.alink.linksdk:breeze-ota:1.2.2] AndroidManifest.xml:2:1-16:12
MERGED from [:swipelistviewlibrary] AndroidManifest.xml:2:1-17:12
MERGED from [com.yanzhenjie.alertdialog:alertdialog:1.0.1] AndroidManifest.xml:2:1-10:12
MERGED from [com.aliyun.iot.aep.page:rn:0.1.8] AndroidManifest.xml:2:1-36:12
MERGED from [com.aliyun.iot.link:uicomponent:0.0.1] AndroidManifest.xml:2:1-13:12
MERGED from [com.aliyun.iot.aep.sdk:rncontainer:0.59.8.20190920] AndroidManifest.xml:2:1-9:12
MERGED from [com.aliyun.iot.aep.component:bundlemanager:0.1.1] AndroidManifest.xml:2:1-11:12
MERGED from [com.aliyun.iot.aep.sdk:threadpool:0.0.3] AndroidManifest.xml:2:1-6:12
MERGED from [com.aliyun.iot.sdk:account-oa-ui:0.0.6] AndroidManifest.xml:2:1-10:12
MERGED from [com.aliyun.iot.aep.sdk:account-oa:0.0.5] AndroidManifest.xml:2:1-9:12
MERGED from [com.aliyun.iot.aep.sdk:account:0.0.2.3] AndroidManifest.xml:2:1-9:12
MERGED from [com.aliyun.iot.aep.sdk:alog:0.0.5.1] AndroidManifest.xml:2:1-23:12
MERGED from [com.alibaba.sdk.android.openaccount:openaccount-ui-default:3.5.3.9] AndroidManifest.xml:2:1-107:12
MERGED from [com.alibaba.sdk.android.openaccount:openaccount-core:3.5.3.9] AndroidManifest.xml:2:1-25:12
MERGED from [com.google.android.material:material:1.0.0] AndroidManifest.xml:17:1-24:12
MERGED from [com.savvi.datepicker:rangepicker:1.2.0] AndroidManifest.xml:2:1-11:12
MERGED from [com.aliyun.alink.linksdk:public-tmp-ext-boneplugin:1.4.5.5] AndroidManifest.xml:2:1-16:12
MERGED from [com.aliyun.alink.linksdk:public-tmp:1.6.0.2] AndroidManifest.xml:2:1-21:12
MERGED from [com.aliyun.iot.aep.sdk:rn-external-jsbridge:0.59.8.20190605] AndroidManifest.xml:2:1-7:12
MERGED from [com.aliyun.iot.sdk.external:react-native-svg:9.5.3] AndroidManifest.xml:2:1-10:12
MERGED from [com.facebook.react:react-native:0.59.10] AndroidManifest.xml:2:1-13:12
MERGED from [androidx.appcompat:appcompat:1.0.2] AndroidManifest.xml:17:1-22:12
MERGED from [androidx.constraintlayout:constraintlayout:1.1.3] AndroidManifest.xml:2:1-11:12
MERGED from [:AkHttp:] AndroidManifest.xml:2:1-11:12
MERGED from [com.google.android.gms:play-services-auth:17.0.0] AndroidManifest.xml:17:1-39:12
MERGED from [com.bigkoo:alertview:1.0.3] AndroidManifest.xml:2:1-11:12
MERGED from [com.contrarywind:Android-PickerView:3.2.7] AndroidManifest.xml:2:1-11:12
MERGED from [com.aliyun.iot.aep.sdk:push:0.0.3] AndroidManifest.xml:2:1-3:37
MERGED from [com.aliyun.alink.linksdk:api-client-biz:1.0.0] AndroidManifest.xml:2:1-17:12
MERGED from [com.aliyun.alink.linksdk:lpbs-plugin-breeze:1.1.0.1] AndroidManifest.xml:2:1-11:12
MERGED from [com.aliyun.iot.aep.sdk:jsbridge-external:0.1.2.1] AndroidManifest.xml:2:1-12:12
MERGED from [com.aliyun.iot.aep.component:router-external:0.1.4] AndroidManifest.xml:2:1-7:12
MERGED from [com.aliyun.iot.aep.sdk:connectchannel:0.0.6] AndroidManifest.xml:2:1-9:12
MERGED from [com.aliyun.iotx:linkvisual-media:1.2.4.1] AndroidManifest.xml:2:1-17:12
MERGED from [com.aliyun.alink.linksdk:public-channel-mobile:1.4.0] AndroidManifest.xml:2:1-18:12
MERGED from [com.aliyun.alink.linksdk:breeze-biz:1.1.3] AndroidManifest.xml:2:1-11:12
MERGED from [com.aliyun.alink.linksdk:public-channel-gateway:1.6.1] AndroidManifest.xml:2:1-18:12
MERGED from [com.aliyun.alink.linksdk:public-cmp:1.6.0.1] AndroidManifest.xml:2:1-18:12
MERGED from [com.aliyun.iot.aep.sdk:apiclient:0.0.8.2] AndroidManifest.xml:2:1-7:12
MERGED from [com.aliyun.iot.aep.sdk:iot-credential:0.0.2.2] AndroidManifest.xml:2:1-9:12
MERGED from [com.aliyun.alink.linksdk:breeze:1.2.10] AndroidManifest.xml:2:1-25:12
MERGED from [com.aliyun.alink.linksdk:ble-library:1.2.4] AndroidManifest.xml:2:1-15:12
MERGED from [com.aliyun.alink.linksdk:ilop-devicecenter-ext-boneplugin:1.5.1] AndroidManifest.xml:2:1-35:12
MERGED from [com.aliyun.alink.linksdk:ilop-devicecenter:1.6.8.5] AndroidManifest.xml:2:1-26:12
MERGED from [com.aliyun.iot.aep.sdk:jsbridge:0.1.2] AndroidManifest.xml:2:1-5:12
MERGED from [com.pgyersdk:sdk:2.8.1] AndroidManifest.xml:2:1-16:12
MERGED from [com.aliyun.iot.aep.sdk:sdk-framework:0.0.4.4] AndroidManifest.xml:2:1-11:12
MERGED from [com.google.android:flexbox:0.3.1] AndroidManifest.xml:17:1-27:12
MERGED from [com.aliyun.iot.aep.sdk:abus:0.0.1] AndroidManifest.xml:2:1-11:12
MERGED from [com.huawei.hms:push:3.0.0.303] AndroidManifest.xml:2:1-60:12
MERGED from [:handygridview] AndroidManifest.xml:2:1-14:12
MERGED from [com.google.android.gms:play-services-auth-api-phone:17.0.0] AndroidManifest.xml:2:1-7:12
MERGED from [com.google.android.gms:play-services-auth-base:17.0.0] AndroidManifest.xml:2:1-7:12
MERGED from [com.google.android.gms:play-services-base:17.0.0] AndroidManifest.xml:17:1-29:12
MERGED from [com.google.android.gms:play-services-tasks:17.0.0] AndroidManifest.xml:2:1-9:12
MERGED from [com.google.android.gms:play-services-basement:17.0.0] AndroidManifest.xml:17:1-28:12
MERGED from [com.github.bumptech.glide:glide:4.5.0] AndroidManifest.xml:2:1-13:12
MERGED from [androidx.legacy:legacy-support-v4:1.0.0] AndroidManifest.xml:17:1-22:12
MERGED from [androidx.fragment:fragment:1.0.0] AndroidManifest.xml:17:1-22:12
MERGED from [com.github.chrisbanes:PhotoView:2.1.3] AndroidManifest.xml:2:1-12:12
MERGED from [androidx.vectordrawable:vectordrawable-animated:1.0.0] AndroidManifest.xml:17:1-22:12
MERGED from [com.aliyun.iot.aep.sdk:rn-external:0.59.8.20190920] AndroidManifest.xml:2:1-9:12
MERGED from [androidx.recyclerview:recyclerview:1.0.0] AndroidManifest.xml:17:1-22:12
MERGED from [androidx.legacy:legacy-support-core-ui:1.0.0] AndroidManifest.xml:17:1-22:12
MERGED from [androidx.legacy:legacy-support-core-utils:1.0.0] AndroidManifest.xml:17:1-22:12
MERGED from [androidx.vectordrawable:vectordrawable:1.0.1] AndroidManifest.xml:17:1-22:12
MERGED from [androidx.loader:loader:1.0.0] AndroidManifest.xml:17:1-22:12
MERGED from [com.google.android.exoplayer:exoplayer-ui:2.8.3] AndroidManifest.xml:17:1-24:12
MERGED from [androidx.media:media:1.0.0] AndroidManifest.xml:17:1-22:12
MERGED from [androidx.transition:transition:1.0.0] AndroidManifest.xml:17:1-22:12
MERGED from [androidx.viewpager:viewpager:1.0.0] AndroidManifest.xml:17:1-22:12
MERGED from [androidx.coordinatorlayout:coordinatorlayout:1.0.0] AndroidManifest.xml:17:1-22:12
MERGED from [androidx.drawerlayout:drawerlayout:1.0.0] AndroidManifest.xml:17:1-22:12
MERGED from [androidx.slidingpanelayout:slidingpanelayout:1.0.0] AndroidManifest.xml:17:1-22:12
MERGED from [androidx.customview:customview:1.0.0] AndroidManifest.xml:17:1-22:12
MERGED from [androidx.swiperefreshlayout:swiperefreshlayout:1.0.0] AndroidManifest.xml:17:1-22:12
MERGED from [androidx.asynclayoutinflater:asynclayoutinflater:1.0.0] AndroidManifest.xml:17:1-22:12
MERGED from [androidx.core:core:1.0.1] AndroidManifest.xml:17:1-24:12
MERGED from [androidx.versionedparcelable:versionedparcelable:1.0.0] AndroidManifest.xml:17:1-25:12
MERGED from [androidx.cursoradapter:cursoradapter:1.0.0] AndroidManifest.xml:17:1-22:12
MERGED from [androidx.lifecycle:lifecycle-runtime:2.0.0] AndroidManifest.xml:17:1-22:12
MERGED from [androidx.documentfile:documentfile:1.0.0] AndroidManifest.xml:17:1-22:12
MERGED from [androidx.localbroadcastmanager:localbroadcastmanager:1.0.0] AndroidManifest.xml:17:1-22:12
MERGED from [androidx.print:print:1.0.0] AndroidManifest.xml:17:1-22:12
MERGED from [androidx.lifecycle:lifecycle-viewmodel:2.0.0] AndroidManifest.xml:17:1-22:12
MERGED from [com.github.bumptech.glide:gifdecoder:4.5.0] AndroidManifest.xml:2:1-11:12
MERGED from [com.google.android.exoplayer:exoplayer-hls:2.10.5] AndroidManifest.xml:17:1-24:12
MERGED from [com.google.android.exoplayer:exoplayer-core:2.10.5] AndroidManifest.xml:17:1-26:12
MERGED from [androidx.cardview:cardview:1.0.0] AndroidManifest.xml:17:1-22:12
MERGED from [androidx.lifecycle:lifecycle-livedata:2.0.0] AndroidManifest.xml:17:1-22:12
MERGED from [androidx.lifecycle:lifecycle-livedata-core:2.0.0] AndroidManifest.xml:17:1-22:12
MERGED from [androidx.arch.core:core-runtime:2.0.0] AndroidManifest.xml:17:1-22:12
MERGED from [androidx.interpolator:interpolator:1.0.0] AndroidManifest.xml:17:1-22:12
MERGED from [com.aliyun.iot.aep.sdk.external:securityguard:5.4.94.2018-12-13-exclude-x86] AndroidManifest.xml:2:1-37:12
MERGED from [com.aliyun.alink.linksdk:public-alcs-cmp:1.5.0.1] AndroidManifest.xml:2:1-18:12
MERGED from [com.aliyun.alink.linksdk:android_alcs_lpbs:1.3.0.1] AndroidManifest.xml:2:1-20:12
MERGED from [com.aliyun.iot.aep.sdk:jsbridge-core:0.0.3.2] AndroidManifest.xml:2:1-12:12
MERGED from [com.aliyun.alink.linksdk:public-channel-core:0.6.4] AndroidManifest.xml:2:1-19:12
MERGED from [com.aliyun.alink.linksdk:android_alink_id2:1.1.3] AndroidManifest.xml:2:1-29:12
MERGED from [com.aliyun.alink.linksdk:tools:1.3.4] AndroidManifest.xml:2:1-16:12
MERGED from [com.aliyun.iot.aep.sdk:router:0.0.7] AndroidManifest.xml:2:1-7:12
MERGED from [com.aliyun.alink.linksdk:coap-sdk:1.5.0.4] AndroidManifest.xml:2:1-22:12
MERGED from [com.aliyun.ams:alicloud-android-push-iot:3.1.4.3] AndroidManifest.xml:2:1-177:12
MERGED from [com.aliyun.ams:alicloud-android-third-push:3.0.5] AndroidManifest.xml:2:1-72:12
MERGED from [com.huawei.hms:opendevice:3.0.0.303] AndroidManifest.xml:2:1-9:12
MERGED from [com.huawei.hms:base:3.0.0.303] AndroidManifest.xml:2:1-52:12
MERGED from [com.aliyun.dpa:oss-android-sdk:2.7.0] AndroidManifest.xml:2:1-22:12
MERGED from [com.facebook.fresco:imagepipeline-okhttp3:1.10.0] AndroidManifest.xml:2:1-9:12
MERGED from [com.aliyun.iot.aep.sdk:user-tracker:0.0.1] AndroidManifest.xml:2:1-3:42
MERGED from [com.aliyun.alink.external:widget:0.0.1] AndroidManifest.xml:2:1-11:12
MERGED from [com.huawei.agconnect:agconnect-core:1.0.0.300] AndroidManifest.xml:2:1-20:12
MERGED from [com.huawei.hmf:tasks:1.3.1.301] AndroidManifest.xml:2:1-11:12
MERGED from [com.huawei.hms:network-grs:1.0.9.302] AndroidManifest.xml:2:1-11:12
MERGED from [com.facebook.fresco:fresco:1.10.0] AndroidManifest.xml:2:1-9:12
MERGED from [com.facebook.fresco:drawee:1.10.0] AndroidManifest.xml:2:1-9:12
MERGED from [com.facebook.fresco:imagepipeline:1.10.0] AndroidManifest.xml:2:1-9:12
MERGED from [com.facebook.fresco:imagepipeline-base:1.10.0] AndroidManifest.xml:2:1-9:12
MERGED from [com.facebook.soloader:soloader:0.6.0] AndroidManifest.xml:2:1-13:12
MERGED from [com.aliyun.alink.linksdk:opensource-paho:1.2.0.3] AndroidManifest.xml:2:1-18:12
MERGED from [com.huawei.hms:network-common:1.0.9.302] AndroidManifest.xml:2:1-11:12
MERGED from [com.facebook.fresco:fbcore:1.10.0] AndroidManifest.xml:2:1-9:12
INJECTED from src/main/AndroidManifest.xml:2:1-485:12
INJECTED from src/main/AndroidManifest.xml:2:1-485:12
INJECTED from src/main/AndroidManifest.xml:2:1-485:12
	package
		ADDED from src/main/AndroidManifest.xml:4:5-29
		INJECTED from src/main/AndroidManifest.xml
		INJECTED from src/main/AndroidManifest.xml
	android:versionName
		INJECTED from src/main/AndroidManifest.xml
		ADDED from src/main/AndroidManifest.xml:2:1-485:12
		INJECTED from src/main/AndroidManifest.xml
	xmlns:tools
		ADDED from src/main/AndroidManifest.xml:3:5-51
	android:versionCode
		INJECTED from src/main/AndroidManifest.xml
		ADDED from src/main/AndroidManifest.xml:2:1-485:12
		INJECTED from src/main/AndroidManifest.xml
	xmlns:android
		ADDED from src/main/AndroidManifest.xml:2:11-69
uses-permission#android.permission.SYSTEM_ALERT_WINDOW
ADDED from src/main/AndroidManifest.xml:5:5-78
MERGED from [:ipcview] AndroidManifest.xml:17:5-78
MERGED from [:ipcview] AndroidManifest.xml:17:5-78
	android:name
		ADDED from src/main/AndroidManifest.xml:5:22-75
uses-permission#android.permission.WRITE_EXTERNAL_STORAGE
ADDED from src/main/AndroidManifest.xml:6:5-81
MERGED from [:ipcview] AndroidManifest.xml:13:5-81
MERGED from [:ipcview] AndroidManifest.xml:13:5-81
MERGED from [com.aliyun.iot.aep.page:rn:0.1.8] AndroidManifest.xml:10:5-81
MERGED from [com.aliyun.iot.aep.page:rn:0.1.8] AndroidManifest.xml:10:5-81
MERGED from [com.aliyun.iot.aep.sdk:alog:0.0.5.1] AndroidManifest.xml:14:5-81
MERGED from [com.aliyun.iot.aep.sdk:alog:0.0.5.1] AndroidManifest.xml:14:5-81
MERGED from [com.alibaba.sdk.android.openaccount:openaccount-ui-default:3.5.3.9] AndroidManifest.xml:13:5-81
MERGED from [com.alibaba.sdk.android.openaccount:openaccount-ui-default:3.5.3.9] AndroidManifest.xml:13:5-81
MERGED from [com.alibaba.sdk.android.openaccount:openaccount-core:3.5.3.9] AndroidManifest.xml:13:5-81
MERGED from [com.alibaba.sdk.android.openaccount:openaccount-core:3.5.3.9] AndroidManifest.xml:13:5-81
MERGED from [com.aliyun.alink.linksdk:ilop-devicecenter-ext-boneplugin:1.5.1] AndroidManifest.xml:11:5-81
MERGED from [com.aliyun.alink.linksdk:ilop-devicecenter-ext-boneplugin:1.5.1] AndroidManifest.xml:11:5-81
MERGED from [com.aliyun.iot.aep.sdk.external:securityguard:5.4.94.2018-12-13-exclude-x86] AndroidManifest.xml:12:5-81
MERGED from [com.aliyun.iot.aep.sdk.external:securityguard:5.4.94.2018-12-13-exclude-x86] AndroidManifest.xml:12:5-81
MERGED from [com.aliyun.alink.linksdk:android_alink_id2:1.1.3] AndroidManifest.xml:11:5-81
MERGED from [com.aliyun.alink.linksdk:android_alink_id2:1.1.3] AndroidManifest.xml:11:5-81
MERGED from [com.aliyun.ams:alicloud-android-push-iot:3.1.4.3] AndroidManifest.xml:16:5-81
MERGED from [com.aliyun.ams:alicloud-android-push-iot:3.1.4.3] AndroidManifest.xml:16:5-81
MERGED from [com.aliyun.ams:alicloud-android-push-iot:3.1.4.3] AndroidManifest.xml:26:5-81
MERGED from [com.aliyun.ams:alicloud-android-push-iot:3.1.4.3] AndroidManifest.xml:26:5-81
MERGED from [com.huawei.hms:base:3.0.0.303] AndroidManifest.xml:12:5-81
MERGED from [com.huawei.hms:base:3.0.0.303] AndroidManifest.xml:12:5-81
MERGED from [com.aliyun.dpa:oss-android-sdk:2.7.0] AndroidManifest.xml:14:5-81
MERGED from [com.aliyun.dpa:oss-android-sdk:2.7.0] AndroidManifest.xml:14:5-81
	android:name
		ADDED from src/main/AndroidManifest.xml:6:22-78
uses-permission#android.permission.ACCESS_NETWORK_STATE
ADDED from src/main/AndroidManifest.xml:7:5-79
MERGED from [:ipcview] AndroidManifest.xml:14:5-79
MERGED from [:ipcview] AndroidManifest.xml:14:5-79
MERGED from [com.aliyun.iot.aep.page:rn:0.1.8] AndroidManifest.xml:11:5-79
MERGED from [com.aliyun.iot.aep.page:rn:0.1.8] AndroidManifest.xml:11:5-79
MERGED from [com.aliyun.iot.aep.sdk:rncontainer:0.59.8.20190920] AndroidManifest.xml:7:5-79
MERGED from [com.aliyun.iot.aep.sdk:rncontainer:0.59.8.20190920] AndroidManifest.xml:7:5-79
MERGED from [com.aliyun.iot.aep.component:bundlemanager:0.1.1] AndroidManifest.xml:9:5-79
MERGED from [com.aliyun.iot.aep.component:bundlemanager:0.1.1] AndroidManifest.xml:9:5-79
MERGED from [com.aliyun.iot.sdk:account-oa-ui:0.0.6] AndroidManifest.xml:5:5-79
MERGED from [com.aliyun.iot.sdk:account-oa-ui:0.0.6] AndroidManifest.xml:5:5-79
MERGED from [com.aliyun.iot.aep.sdk:alog:0.0.5.1] AndroidManifest.xml:11:5-79
MERGED from [com.aliyun.iot.aep.sdk:alog:0.0.5.1] AndroidManifest.xml:11:5-79
MERGED from [com.alibaba.sdk.android.openaccount:openaccount-ui-default:3.5.3.9] AndroidManifest.xml:14:5-79
MERGED from [com.alibaba.sdk.android.openaccount:openaccount-ui-default:3.5.3.9] AndroidManifest.xml:14:5-79
MERGED from [com.alibaba.sdk.android.openaccount:openaccount-core:3.5.3.9] AndroidManifest.xml:14:5-79
MERGED from [com.alibaba.sdk.android.openaccount:openaccount-core:3.5.3.9] AndroidManifest.xml:14:5-79
MERGED from [com.aliyun.iot.aep.sdk:jsbridge-external:0.1.2.1] AndroidManifest.xml:8:5-79
MERGED from [com.aliyun.iot.aep.sdk:jsbridge-external:0.1.2.1] AndroidManifest.xml:8:5-79
MERGED from [com.aliyun.iotx:linkvisual-media:1.2.4.1] AndroidManifest.xml:14:5-79
MERGED from [com.aliyun.iotx:linkvisual-media:1.2.4.1] AndroidManifest.xml:14:5-79
MERGED from [com.aliyun.alink.linksdk:ilop-devicecenter-ext-boneplugin:1.5.1] AndroidManifest.xml:12:5-79
MERGED from [com.aliyun.alink.linksdk:ilop-devicecenter-ext-boneplugin:1.5.1] AndroidManifest.xml:12:5-79
MERGED from [com.aliyun.alink.linksdk:ilop-devicecenter:1.6.8.5] AndroidManifest.xml:17:5-79
MERGED from [com.aliyun.alink.linksdk:ilop-devicecenter:1.6.8.5] AndroidManifest.xml:17:5-79
MERGED from [com.google.android.exoplayer:exoplayer-core:2.10.5] AndroidManifest.xml:24:5-79
MERGED from [com.google.android.exoplayer:exoplayer-core:2.10.5] AndroidManifest.xml:24:5-79
MERGED from [com.aliyun.iot.aep.sdk.external:securityguard:5.4.94.2018-12-13-exclude-x86] AndroidManifest.xml:13:5-79
MERGED from [com.aliyun.iot.aep.sdk.external:securityguard:5.4.94.2018-12-13-exclude-x86] AndroidManifest.xml:13:5-79
MERGED from [com.aliyun.alink.linksdk:public-channel-core:0.6.4] AndroidManifest.xml:15:5-79
MERGED from [com.aliyun.alink.linksdk:public-channel-core:0.6.4] AndroidManifest.xml:15:5-79
MERGED from [com.aliyun.alink.linksdk:android_alink_id2:1.1.3] AndroidManifest.xml:12:5-79
MERGED from [com.aliyun.alink.linksdk:android_alink_id2:1.1.3] AndroidManifest.xml:12:5-79
MERGED from [com.aliyun.ams:alicloud-android-push-iot:3.1.4.3] AndroidManifest.xml:14:5-79
MERGED from [com.aliyun.ams:alicloud-android-push-iot:3.1.4.3] AndroidManifest.xml:14:5-79
MERGED from [com.aliyun.ams:alicloud-android-third-push:3.0.5] AndroidManifest.xml:20:5-79
MERGED from [com.aliyun.ams:alicloud-android-third-push:3.0.5] AndroidManifest.xml:20:5-79
MERGED from [com.huawei.hms:base:3.0.0.303] AndroidManifest.xml:14:5-79
MERGED from [com.huawei.hms:base:3.0.0.303] AndroidManifest.xml:14:5-79
MERGED from [com.aliyun.dpa:oss-android-sdk:2.7.0] AndroidManifest.xml:12:5-79
MERGED from [com.aliyun.dpa:oss-android-sdk:2.7.0] AndroidManifest.xml:12:5-79
	android:name
		ADDED from src/main/AndroidManifest.xml:7:22-76
uses-permission#android.permission.ACCESS_WIFI_STATE
ADDED from src/main/AndroidManifest.xml:8:5-76
MERGED from [:ipcview] AndroidManifest.xml:15:5-76
MERGED from [:ipcview] AndroidManifest.xml:15:5-76
MERGED from [com.aliyun.iot.aep.page:rn:0.1.8] AndroidManifest.xml:12:5-76
MERGED from [com.aliyun.iot.aep.page:rn:0.1.8] AndroidManifest.xml:12:5-76
MERGED from [com.aliyun.iot.aep.sdk:alog:0.0.5.1] AndroidManifest.xml:12:5-76
MERGED from [com.aliyun.iot.aep.sdk:alog:0.0.5.1] AndroidManifest.xml:12:5-76
MERGED from [com.alibaba.sdk.android.openaccount:openaccount-ui-default:3.5.3.9] AndroidManifest.xml:15:5-76
MERGED from [com.alibaba.sdk.android.openaccount:openaccount-ui-default:3.5.3.9] AndroidManifest.xml:15:5-76
MERGED from [com.alibaba.sdk.android.openaccount:openaccount-core:3.5.3.9] AndroidManifest.xml:15:5-76
MERGED from [com.alibaba.sdk.android.openaccount:openaccount-core:3.5.3.9] AndroidManifest.xml:15:5-76
MERGED from [com.aliyun.alink.linksdk:public-tmp:1.6.0.2] AndroidManifest.xml:14:5-76
MERGED from [com.aliyun.alink.linksdk:public-tmp:1.6.0.2] AndroidManifest.xml:14:5-76
MERGED from [com.aliyun.iot.aep.sdk:jsbridge-external:0.1.2.1] AndroidManifest.xml:10:5-76
MERGED from [com.aliyun.iot.aep.sdk:jsbridge-external:0.1.2.1] AndroidManifest.xml:10:5-76
MERGED from [com.aliyun.alink.linksdk:ilop-devicecenter-ext-boneplugin:1.5.1] AndroidManifest.xml:13:5-76
MERGED from [com.aliyun.alink.linksdk:ilop-devicecenter-ext-boneplugin:1.5.1] AndroidManifest.xml:13:5-76
MERGED from [com.aliyun.alink.linksdk:ilop-devicecenter:1.6.8.5] AndroidManifest.xml:14:5-76
MERGED from [com.aliyun.alink.linksdk:ilop-devicecenter:1.6.8.5] AndroidManifest.xml:14:5-76
MERGED from [com.pgyersdk:sdk:2.8.1] AndroidManifest.xml:10:5-76
MERGED from [com.pgyersdk:sdk:2.8.1] AndroidManifest.xml:10:5-76
MERGED from [com.aliyun.iot.aep.sdk.external:securityguard:5.4.94.2018-12-13-exclude-x86] AndroidManifest.xml:14:5-76
MERGED from [com.aliyun.iot.aep.sdk.external:securityguard:5.4.94.2018-12-13-exclude-x86] AndroidManifest.xml:14:5-76
MERGED from [com.aliyun.alink.linksdk:android_alink_id2:1.1.3] AndroidManifest.xml:13:5-76
MERGED from [com.aliyun.alink.linksdk:android_alink_id2:1.1.3] AndroidManifest.xml:13:5-76
MERGED from [com.aliyun.alink.linksdk:coap-sdk:1.5.0.4] AndroidManifest.xml:14:5-76
MERGED from [com.aliyun.alink.linksdk:coap-sdk:1.5.0.4] AndroidManifest.xml:14:5-76
MERGED from [com.aliyun.ams:alicloud-android-push-iot:3.1.4.3] AndroidManifest.xml:15:5-76
MERGED from [com.aliyun.ams:alicloud-android-push-iot:3.1.4.3] AndroidManifest.xml:15:5-76
MERGED from [com.huawei.hms:base:3.0.0.303] AndroidManifest.xml:16:5-76
MERGED from [com.huawei.hms:base:3.0.0.303] AndroidManifest.xml:16:5-76
MERGED from [com.aliyun.dpa:oss-android-sdk:2.7.0] AndroidManifest.xml:13:5-76
MERGED from [com.aliyun.dpa:oss-android-sdk:2.7.0] AndroidManifest.xml:13:5-76
	android:name
		ADDED from src/main/AndroidManifest.xml:8:22-73
uses-permission#android.permission.READ_PHONE_STATE
ADDED from src/main/AndroidManifest.xml:9:5-75
MERGED from [com.aliyun.iot.aep.page:rn:0.1.8] AndroidManifest.xml:13:5-75
MERGED from [com.aliyun.iot.aep.page:rn:0.1.8] AndroidManifest.xml:13:5-75
MERGED from [com.alibaba.sdk.android.openaccount:openaccount-ui-default:3.5.3.9] AndroidManifest.xml:16:5-75
MERGED from [com.alibaba.sdk.android.openaccount:openaccount-ui-default:3.5.3.9] AndroidManifest.xml:16:5-75
MERGED from [com.alibaba.sdk.android.openaccount:openaccount-core:3.5.3.9] AndroidManifest.xml:16:5-75
MERGED from [com.alibaba.sdk.android.openaccount:openaccount-core:3.5.3.9] AndroidManifest.xml:16:5-75
MERGED from [com.aliyun.alink.linksdk:api-client-biz:1.0.0] AndroidManifest.xml:12:5-75
MERGED from [com.aliyun.alink.linksdk:api-client-biz:1.0.0] AndroidManifest.xml:12:5-75
MERGED from [com.aliyun.alink.linksdk:ilop-devicecenter-ext-boneplugin:1.5.1] AndroidManifest.xml:14:5-75
MERGED from [com.aliyun.alink.linksdk:ilop-devicecenter-ext-boneplugin:1.5.1] AndroidManifest.xml:14:5-75
MERGED from [com.pgyersdk:sdk:2.8.1] AndroidManifest.xml:11:5-75
MERGED from [com.pgyersdk:sdk:2.8.1] AndroidManifest.xml:11:5-75
MERGED from [com.aliyun.iot.aep.sdk.external:securityguard:5.4.94.2018-12-13-exclude-x86] AndroidManifest.xml:15:5-75
MERGED from [com.aliyun.iot.aep.sdk.external:securityguard:5.4.94.2018-12-13-exclude-x86] AndroidManifest.xml:15:5-75
MERGED from [com.aliyun.ams:alicloud-android-push-iot:3.1.4.3] AndroidManifest.xml:18:5-75
MERGED from [com.aliyun.ams:alicloud-android-push-iot:3.1.4.3] AndroidManifest.xml:18:5-75
	android:name
		ADDED from src/main/AndroidManifest.xml:9:22-72
uses-permission#android.permission.READ_SETTINGS
ADDED from src/main/AndroidManifest.xml:10:5-72
MERGED from [com.aliyun.iot.aep.page:rn:0.1.8] AndroidManifest.xml:14:5-72
MERGED from [com.aliyun.iot.aep.page:rn:0.1.8] AndroidManifest.xml:14:5-72
MERGED from [com.alibaba.sdk.android.openaccount:openaccount-ui-default:3.5.3.9] AndroidManifest.xml:17:5-72
MERGED from [com.alibaba.sdk.android.openaccount:openaccount-ui-default:3.5.3.9] AndroidManifest.xml:17:5-72
MERGED from [com.alibaba.sdk.android.openaccount:openaccount-core:3.5.3.9] AndroidManifest.xml:17:5-72
MERGED from [com.alibaba.sdk.android.openaccount:openaccount-core:3.5.3.9] AndroidManifest.xml:17:5-72
MERGED from [com.aliyun.alink.linksdk:ilop-devicecenter-ext-boneplugin:1.5.1] AndroidManifest.xml:15:5-72
MERGED from [com.aliyun.alink.linksdk:ilop-devicecenter-ext-boneplugin:1.5.1] AndroidManifest.xml:15:5-72
MERGED from [com.aliyun.iot.aep.sdk.external:securityguard:5.4.94.2018-12-13-exclude-x86] AndroidManifest.xml:19:5-72
MERGED from [com.aliyun.iot.aep.sdk.external:securityguard:5.4.94.2018-12-13-exclude-x86] AndroidManifest.xml:19:5-72
MERGED from [com.aliyun.alink.linksdk:android_alink_id2:1.1.3] AndroidManifest.xml:14:5-72
MERGED from [com.aliyun.alink.linksdk:android_alink_id2:1.1.3] AndroidManifest.xml:14:5-72
	android:name
		ADDED from src/main/AndroidManifest.xml:10:22-69
uses-permission#android.permission.WRITE_SETTINGS
ADDED from src/main/AndroidManifest.xml:11:5-73
MERGED from [com.aliyun.iot.aep.page:rn:0.1.8] AndroidManifest.xml:15:5-73
MERGED from [com.aliyun.iot.aep.page:rn:0.1.8] AndroidManifest.xml:15:5-73
MERGED from [com.aliyun.alink.linksdk:ilop-devicecenter-ext-boneplugin:1.5.1] AndroidManifest.xml:16:5-73
MERGED from [com.aliyun.alink.linksdk:ilop-devicecenter-ext-boneplugin:1.5.1] AndroidManifest.xml:16:5-73
MERGED from [com.aliyun.alink.linksdk:ilop-devicecenter:1.6.8.5] AndroidManifest.xml:18:5-73
MERGED from [com.aliyun.alink.linksdk:ilop-devicecenter:1.6.8.5] AndroidManifest.xml:18:5-73
MERGED from [com.aliyun.iot.aep.sdk.external:securityguard:5.4.94.2018-12-13-exclude-x86] AndroidManifest.xml:16:5-73
MERGED from [com.aliyun.iot.aep.sdk.external:securityguard:5.4.94.2018-12-13-exclude-x86] AndroidManifest.xml:16:5-73
MERGED from [com.aliyun.alink.linksdk:android_alink_id2:1.1.3] AndroidManifest.xml:15:5-73
MERGED from [com.aliyun.alink.linksdk:android_alink_id2:1.1.3] AndroidManifest.xml:15:5-73
MERGED from [com.aliyun.ams:alicloud-android-push-iot:3.1.4.3] AndroidManifest.xml:12:5-73
MERGED from [com.aliyun.ams:alicloud-android-push-iot:3.1.4.3] AndroidManifest.xml:12:5-73
	android:name
		ADDED from src/main/AndroidManifest.xml:11:22-70
uses-permission#android.permission.INTERNET
ADDED from src/main/AndroidManifest.xml:12:5-67
MERGED from [com.aliyun.iot.aep.page:rn:0.1.8] AndroidManifest.xml:16:5-67
MERGED from [com.aliyun.iot.aep.page:rn:0.1.8] AndroidManifest.xml:16:5-67
MERGED from [com.aliyun.iot.aep.sdk:alog:0.0.5.1] AndroidManifest.xml:10:5-67
MERGED from [com.aliyun.iot.aep.sdk:alog:0.0.5.1] AndroidManifest.xml:10:5-67
MERGED from [com.alibaba.sdk.android.openaccount:openaccount-ui-default:3.5.3.9] AndroidManifest.xml:18:5-67
MERGED from [com.alibaba.sdk.android.openaccount:openaccount-ui-default:3.5.3.9] AndroidManifest.xml:18:5-67
MERGED from [com.alibaba.sdk.android.openaccount:openaccount-core:3.5.3.9] AndroidManifest.xml:18:5-67
MERGED from [com.alibaba.sdk.android.openaccount:openaccount-core:3.5.3.9] AndroidManifest.xml:18:5-67
MERGED from [com.aliyun.alink.linksdk:public-tmp-ext-boneplugin:1.4.5.5] AndroidManifest.xml:11:5-67
MERGED from [com.aliyun.alink.linksdk:public-tmp-ext-boneplugin:1.4.5.5] AndroidManifest.xml:11:5-67
MERGED from [com.aliyun.alink.linksdk:public-tmp:1.6.0.2] AndroidManifest.xml:17:5-67
MERGED from [com.aliyun.alink.linksdk:public-tmp:1.6.0.2] AndroidManifest.xml:17:5-67
MERGED from [com.aliyun.alink.linksdk:api-client-biz:1.0.0] AndroidManifest.xml:11:5-67
MERGED from [com.aliyun.alink.linksdk:api-client-biz:1.0.0] AndroidManifest.xml:11:5-67
MERGED from [com.aliyun.iotx:linkvisual-media:1.2.4.1] AndroidManifest.xml:15:5-67
MERGED from [com.aliyun.iotx:linkvisual-media:1.2.4.1] AndroidManifest.xml:15:5-67
MERGED from [com.aliyun.alink.linksdk:public-channel-mobile:1.4.0] AndroidManifest.xml:14:5-67
MERGED from [com.aliyun.alink.linksdk:public-channel-mobile:1.4.0] AndroidManifest.xml:14:5-67
MERGED from [com.aliyun.alink.linksdk:public-channel-gateway:1.6.1] AndroidManifest.xml:14:5-67
MERGED from [com.aliyun.alink.linksdk:public-channel-gateway:1.6.1] AndroidManifest.xml:14:5-67
MERGED from [com.aliyun.alink.linksdk:public-cmp:1.6.0.1] AndroidManifest.xml:14:5-67
MERGED from [com.aliyun.alink.linksdk:public-cmp:1.6.0.1] AndroidManifest.xml:14:5-67
MERGED from [com.aliyun.alink.linksdk:ilop-devicecenter-ext-boneplugin:1.5.1] AndroidManifest.xml:17:5-67
MERGED from [com.aliyun.alink.linksdk:ilop-devicecenter-ext-boneplugin:1.5.1] AndroidManifest.xml:17:5-67
MERGED from [com.aliyun.alink.linksdk:ilop-devicecenter:1.6.8.5] AndroidManifest.xml:13:5-67
MERGED from [com.aliyun.alink.linksdk:ilop-devicecenter:1.6.8.5] AndroidManifest.xml:13:5-67
MERGED from [com.aliyun.iot.aep.sdk.external:securityguard:5.4.94.2018-12-13-exclude-x86] AndroidManifest.xml:17:5-67
MERGED from [com.aliyun.iot.aep.sdk.external:securityguard:5.4.94.2018-12-13-exclude-x86] AndroidManifest.xml:17:5-67
MERGED from [com.aliyun.alink.linksdk:public-alcs-cmp:1.5.0.1] AndroidManifest.xml:14:5-67
MERGED from [com.aliyun.alink.linksdk:public-alcs-cmp:1.5.0.1] AndroidManifest.xml:14:5-67
MERGED from [com.aliyun.alink.linksdk:public-channel-core:0.6.4] AndroidManifest.xml:14:5-67
MERGED from [com.aliyun.alink.linksdk:public-channel-core:0.6.4] AndroidManifest.xml:14:5-67
MERGED from [com.aliyun.alink.linksdk:android_alink_id2:1.1.3] AndroidManifest.xml:16:5-67
MERGED from [com.aliyun.alink.linksdk:android_alink_id2:1.1.3] AndroidManifest.xml:16:5-67
MERGED from [com.aliyun.alink.linksdk:coap-sdk:1.5.0.4] AndroidManifest.xml:11:5-67
MERGED from [com.aliyun.alink.linksdk:coap-sdk:1.5.0.4] AndroidManifest.xml:11:5-67
MERGED from [com.aliyun.ams:alicloud-android-push-iot:3.1.4.3] AndroidManifest.xml:13:5-67
MERGED from [com.aliyun.ams:alicloud-android-push-iot:3.1.4.3] AndroidManifest.xml:13:5-67
MERGED from [com.aliyun.ams:alicloud-android-third-push:3.0.5] AndroidManifest.xml:21:5-67
MERGED from [com.aliyun.ams:alicloud-android-third-push:3.0.5] AndroidManifest.xml:21:5-67
MERGED from [com.huawei.hms:base:3.0.0.303] AndroidManifest.xml:10:5-67
MERGED from [com.huawei.hms:base:3.0.0.303] AndroidManifest.xml:10:5-67
MERGED from [com.aliyun.dpa:oss-android-sdk:2.7.0] AndroidManifest.xml:11:5-67
MERGED from [com.aliyun.dpa:oss-android-sdk:2.7.0] AndroidManifest.xml:11:5-67
MERGED from [com.aliyun.alink.linksdk:opensource-paho:1.2.0.3] AndroidManifest.xml:14:5-67
MERGED from [com.aliyun.alink.linksdk:opensource-paho:1.2.0.3] AndroidManifest.xml:14:5-67
	android:name
		ADDED from src/main/AndroidManifest.xml:12:22-64
uses-permission#android.permission.READ_EXTERNAL_STORAGE
ADDED from src/main/AndroidManifest.xml:13:5-80